<?xml version="1.0" encoding="UTF-8"?>
<!-- Generated by org.testng.reporters.JUnitReportReporter -->
<testsuite skipped="0" hostname="M-KNARESH" name="javaConcepts.AmazonUsingJUnit" tests="3" failures="0" timestamp="18 Jul 2017 01:26:14 GMT" time="0.023" errors="0">
  <testcase name="PurchaseItem" time="0.018" classname="javaConcepts.AmazonUsingJUnit"/>
  <testcase name="UpdateOrder" time="0.003" classname="javaConcepts.AmazonUsingJUnit"/>
  <testcase name="TrashOrder" time="0.002" classname="javaConcepts.AmazonUsingJUnit"/>
</testsuite> <!-- javaConcepts.AmazonUsingJUnit -->
