<?xml version="1.0" encoding="UTF-8"?>
<!-- Generated by org.testng.reporters.JUnitReportReporter -->
<testsuite skipped="0" hostname="M-KNARESH" name="automationConcepts.VerificationsUsingTesNG" tests="1" failures="0" timestamp="17 Aug 2017 02:00:41 GMT" time="13.379" errors="0">
  <testcase name="exForverifications" time="13.379" classname="automationConcepts.VerificationsUsingTesNG"/>
</testsuite> <!-- automationConcepts.VerificationsUsingTesNG -->
